#
# There is insufficient memory for the Java Runtime Environment to continue.
# Native memory allocation (malloc) failed to allocate 1679904 bytes for Chunk::new
# Possible reasons:
#   The system is out of physical RAM or swap space
#   In 32 bit mode, the process size limit was hit
# Possible solutions:
#   Reduce memory load on the system
#   Increase physical memory or swap space
#   Check if swap backing store is full
#   Use 64 bit Java on a 64 bit OS
#   Decrease Java heap size (-Xmx/-Xms)
#   Decrease number of Java threads
#   Decrease Java thread stack sizes (-Xss)
#   Set larger code cache with -XX:ReservedCodeCacheSize=
# This output file may be truncated or incomplete.
#
#  Out of Memory Error (allocation.cpp:390), pid=13600, tid=0x0000000000003048
#
# JRE version: Java(TM) SE Runtime Environment (8.0_191-b12) (build 1.8.0_191-b12)
# Java VM: Java HotSpot(TM) 64-Bit Server VM (25.191-b12 mixed mode windows-amd64 compressed oops)
# Failed to write core dump. Minidumps are not enabled by default on client versions of Windows
#

---------------  T H R E A D  ---------------

Current thread (0x000000001ec9e000):  JavaThread "C2 CompilerThread1" daemon [_thread_in_native, id=12360, stack(0x000000001f660000,0x000000001f760000)]

Stack: [0x000000001f660000,0x000000001f760000]
[error occurred during error reporting (printing stack bounds), id 0xc0000005]

Native frames: (J=compiled Java code, j=interpreted, Vv=VM code, C=native code)


Current CompileTask:
C2:   1780 1634       4       java.net.URLClassLoader$1::run (5 bytes)


---------------  P R O C E S S  ---------------

Java Threads: ( => current thread )
  0x000000001ed31000 JavaThread "Service Thread" daemon [_thread_blocked, id=9272, stack(0x000000001f960000,0x000000001fa60000)]
  0x000000001ecb5000 JavaThread "C1 CompilerThread3" daemon [_thread_in_native, id=1616, stack(0x000000001f860000,0x000000001f960000)]
  0x000000001eca1000 JavaThread "C2 CompilerThread2" daemon [_thread_in_native, id=13228, stack(0x000000001f760000,0x000000001f860000)]
=>0x000000001ec9e000 JavaThread "C2 CompilerThread1" daemon [_thread_in_native, id=12360, stack(0x000000001f660000,0x000000001f760000)]
  0x000000001ec9a000 JavaThread "C2 CompilerThread0" daemon [_thread_in_native, id=12800, stack(0x000000001f560000,0x000000001f660000)]
  0x000000001ec98800 JavaThread "Attach Listener" daemon [_thread_blocked, id=5188, stack(0x000000001f460000,0x000000001f560000)]
  0x000000001eca6000 JavaThread "Signal Dispatcher" daemon [_thread_blocked, id=16040, stack(0x000000001f360000,0x000000001f460000)]
  0x000000001ec91000 JavaThread "Finalizer" daemon [_thread_blocked, id=9240, stack(0x000000001f170000,0x000000001f270000)]
  0x000000001ec90800 JavaThread "Reference Handler" daemon [_thread_blocked, id=14792, stack(0x000000001f070000,0x000000001f170000)]
  0x000000000337e800 JavaThread "main" [_thread_in_native, id=9568, stack(0x00000000031a0000,0x00000000032a0000)]

Other Threads:
  0x000000001ce99000 VMThread [stack: 0x000000001eb70000,0x000000001ec70000] [id=12364]
  0x000000001ed53800 WatcherThread [stack: 0x000000001fa60000,0x000000001fb60000] [id=7312]

VM state:not at safepoint (normal execution)

VM Mutex/Monitor currently owned by a thread: None

Heap:
 PSYoungGen      total 76288K, used 58429K [0x000000076b400000, 0x0000000770900000, 0x00000007c0000000)
  eden space 65536K, 73% used [0x000000076b400000,0x000000076e314310,0x000000076f400000)
  from space 10752K, 95% used [0x000000076f400000,0x000000076fdfb3b8,0x000000076fe80000)
  to   space 10752K, 0% used [0x000000076fe80000,0x000000076fe80000,0x0000000770900000)
 ParOldGen       total 175104K, used 16K [0x00000006c1c00000, 0x00000006cc700000, 0x000000076b400000)
  object space 175104K, 0% used [0x00000006c1c00000,0x00000006c1c04000,0x00000006cc700000)
 Metaspace       used 15026K, capacity 15182K, committed 15488K, reserved 1062912K
  class space    used 1820K, capacity 1909K, committed 1920K, reserved 1048576K

Card table byte_map: [0x0000000012840000,0x0000000013040000] byte_map_base: 0x000000000f232000

Marking Bits: (ParMarkBitMap*) 0x0000000065a63e30
 Begin Bits: [0x0000000013d90000, 0x0000000017d20000)
 End Bits:   [0x0000000017d20000, 0x000000001bcb0000)

Polling page: 0x0000000001880000

CodeCache: size=245760Kb used=7280Kb max_used=7291Kb free=238479Kb
 bounds [0x0000000003480000, 0x0000000003bb0000, 0x0000000012480000]
 total_blobs=2499 nmethods=2142 adapters=269
 compilation: enabled

Compilation events (10 events):
Event: 1.770 Thread 0x000000001ecb5000 nmethod 2138 0x0000000003b8f050 code [0x0000000003b8f280, 0x0000000003b8fe68]
Event: 1.770 Thread 0x000000001ecb5000 2139       3       org.codehaus.plexus.util.xml.pull.MXParser::getAttributeValue (78 bytes)
Event: 1.770 Thread 0x000000001ecb5000 nmethod 2139 0x0000000003b93b50 code [0x0000000003b93d80, 0x0000000003b94968]
Event: 1.770 Thread 0x000000001ecb5000 2140       3       org.codehaus.plexus.util.xml.Xpp3DomBuilder::build (413 bytes)
Event: 1.772 Thread 0x000000001ec9a000 nmethod 2130 0x0000000003b98d50 code [0x0000000003b98ec0, 0x0000000003b994f8]
Event: 1.775 Thread 0x000000001ecb5000 nmethod 2140 0x0000000003b99a10 code [0x0000000003b99fe0, 0x0000000003b9e018]
Event: 1.775 Thread 0x000000001ecb5000 2141       1       org.apache.maven.model.ActivationProperty::getName (5 bytes)
Event: 1.775 Thread 0x000000001ecb5000 nmethod 2141 0x0000000003b8ba50 code [0x0000000003b8bba0, 0x0000000003b8bcb0]
Event: 1.775 Thread 0x000000001ecb5000 2142       1       org.apache.maven.model.ActivationProperty::getValue (5 bytes)
Event: 1.775 Thread 0x000000001ecb5000 nmethod 2142 0x0000000003b8ed90 code [0x0000000003b8eee0, 0x0000000003b8eff0]

GC Heap History (2 events):
Event: 1.037 GC heap before
{Heap before GC invocations=1 (full 0):
 PSYoungGen      total 76288K, used 65536K [0x000000076b400000, 0x0000000770900000, 0x00000007c0000000)
  eden space 65536K, 100% used [0x000000076b400000,0x000000076f400000,0x000000076f400000)
  from space 10752K, 0% used [0x000000076fe80000,0x000000076fe80000,0x0000000770900000)
  to   space 10752K, 0% used [0x000000076f400000,0x000000076f400000,0x000000076fe80000)
 ParOldGen       total 175104K, used 0K [0x00000006c1c00000, 0x00000006cc700000, 0x000000076b400000)
  object space 175104K, 0% used [0x00000006c1c00000,0x00000006c1c00000,0x00000006cc700000)
 Metaspace       used 11558K, capacity 11694K, committed 11776K, reserved 1058816K
  class space    used 1436K, capacity 1509K, committed 1536K, reserved 1048576K
Event: 1.045 GC heap after
Heap after GC invocations=1 (full 0):
 PSYoungGen      total 76288K, used 10220K [0x000000076b400000, 0x0000000770900000, 0x00000007c0000000)
  eden space 65536K, 0% used [0x000000076b400000,0x000000076b400000,0x000000076f400000)
  from space 10752K, 95% used [0x000000076f400000,0x000000076fdfb3b8,0x000000076fe80000)
  to   space 10752K, 0% used [0x000000076fe80000,0x000000076fe80000,0x0000000770900000)
 ParOldGen       total 175104K, used 16K [0x00000006c1c00000, 0x00000006cc700000, 0x000000076b400000)
  object space 175104K, 0% used [0x00000006c1c00000,0x00000006c1c04000,0x00000006cc700000)
 Metaspace       used 11558K, capacity 11694K, committed 11776K, reserved 1058816K
  class space    used 1436K, capacity 1509K, committed 1536K, reserved 1048576K
}

Deoptimization events (10 events):
Event: 1.413 Thread 0x000000000337e800 Uncommon trap: reason=bimorphic action=maybe_recompile pc=0x00000000037ebf88 method=java.util.HashMap.putVal(ILjava/lang/Object;Ljava/lang/Object;ZZ)Ljava/lang/Object; @ 203
Event: 1.466 Thread 0x000000000337e800 Uncommon trap: reason=null_check action=make_not_entrant pc=0x0000000003a4c84c method=org.apache.maven.model.io.xpp3.MavenXpp3ReaderEx.checkFieldWithDuplicate(Lorg/codehaus/plexus/util/xml/pull/XmlPullParser;Ljava/lang/String;Ljava/lang/String;Ljava/util/
Event: 1.545 Thread 0x000000000337e800 Uncommon trap: reason=class_check action=maybe_recompile pc=0x0000000003a077ec method=java.util.regex.Pattern$7.isSatisfiedBy(I)Z @ 16
Event: 1.545 Thread 0x000000000337e800 Uncommon trap: reason=class_check action=maybe_recompile pc=0x0000000003a077ec method=java.util.regex.Pattern$7.isSatisfiedBy(I)Z @ 16
Event: 1.545 Thread 0x000000000337e800 Uncommon trap: reason=class_check action=maybe_recompile pc=0x0000000003a077ec method=java.util.regex.Pattern$7.isSatisfiedBy(I)Z @ 16
Event: 1.545 Thread 0x000000000337e800 Uncommon trap: reason=class_check action=maybe_recompile pc=0x0000000003a077ec method=java.util.regex.Pattern$7.isSatisfiedBy(I)Z @ 16
Event: 1.563 Thread 0x000000000337e800 Uncommon trap: reason=unstable_if action=reinterpret pc=0x0000000003a30c58 method=java.lang.String.trim()Ljava/lang/String; @ 63
Event: 1.574 Thread 0x000000000337e800 Uncommon trap: reason=unstable_if action=reinterpret pc=0x00000000039e810c method=org.codehaus.plexus.util.xml.pull.MXParser.nextImpl()I @ 879
Event: 1.776 Thread 0x000000000337e800 Uncommon trap: reason=unstable_if action=reinterpret pc=0x0000000003ab957c method=org.apache.maven.model.io.xpp3.MavenXpp3ReaderEx.nextTag(Lorg/codehaus/plexus/util/xml/pull/XmlPullParser;)I @ 9
Event: 1.777 Thread 0x000000000337e800 Uncommon trap: reason=unstable_if action=reinterpret pc=0x0000000003adbe60 method=org.codehaus.plexus.util.xml.pull.MXParser.nextImpl()I @ 924

Classes redefined (0 events):
No events

Internal exceptions (10 events):
Event: 1.174 Thread 0x000000000337e800 Exception <a 'java/lang/NoClassDefFoundError': javax/annotation/Priority> (0x000000076bd197c8) thrown at [C:\re\workspace\8-2-build-windows-amd64-cygwin\jdk8u191\11896\hotspot\src\share\vm\classfile\systemDictionary.cpp, line 199]
Event: 1.300 Thread 0x000000000337e800 Exception <a 'java/lang/NullPointerException'> (0x000000076c2fae68) thrown at [C:\re\workspace\8-2-build-windows-amd64-cygwin\jdk8u191\11896\hotspot\src\share\vm\interpreter\linkResolver.cpp, line 1185]
Event: 1.300 Thread 0x000000000337e800 Exception <a 'java/lang/NullPointerException'> (0x000000076c2fb080) thrown at [C:\re\workspace\8-2-build-windows-amd64-cygwin\jdk8u191\11896\hotspot\src\share\vm\interpreter\linkResolver.cpp, line 1185]
Event: 1.300 Thread 0x000000000337e800 Exception <a 'java/lang/NullPointerException'> (0x000000076c2fb298) thrown at [C:\re\workspace\8-2-build-windows-amd64-cygwin\jdk8u191\11896\hotspot\src\share\vm\interpreter\linkResolver.cpp, line 1185]
Event: 1.301 Thread 0x000000000337e800 Exception <a 'java/lang/NullPointerException'> (0x000000076c303350) thrown at [C:\re\workspace\8-2-build-windows-amd64-cygwin\jdk8u191\11896\hotspot\src\share\vm\interpreter\linkResolver.cpp, line 1185]
Event: 1.301 Thread 0x000000000337e800 Exception <a 'java/lang/NullPointerException'> (0x000000076c303568) thrown at [C:\re\workspace\8-2-build-windows-amd64-cygwin\jdk8u191\11896\hotspot\src\share\vm\interpreter\linkResolver.cpp, line 1185]
Event: 1.301 Thread 0x000000000337e800 Exception <a 'java/lang/NullPointerException'> (0x000000076c303780) thrown at [C:\re\workspace\8-2-build-windows-amd64-cygwin\jdk8u191\11896\hotspot\src\share\vm\interpreter\linkResolver.cpp, line 1185]
Event: 1.333 Thread 0x000000000337e800 Implicit null exception at 0x000000000374ce16 to 0x000000000374d1c1
Event: 1.333 Thread 0x000000000337e800 Implicit null exception at 0x000000000367cd56 to 0x000000000367d0f9
Event: 1.466 Thread 0x000000000337e800 Implicit null exception at 0x0000000003a4b531 to 0x0000000003a4c835

Events (10 events):
Event: 1.563 Thread 0x000000000337e800 DEOPT PACKING pc=0x0000000003a30c58 sp=0x000000000329d7f0
Event: 1.564 Thread 0x000000000337e800 DEOPT UNPACKING pc=0x00000000034c583b sp=0x000000000329d7c0 mode 2
Event: 1.574 Thread 0x000000000337e800 Uncommon trap: trap_request=0xffffff65 fr.pc=0x00000000039e810c
Event: 1.574 Thread 0x000000000337e800 DEOPT PACKING pc=0x00000000039e810c sp=0x000000000329d5d0
Event: 1.574 Thread 0x000000000337e800 DEOPT UNPACKING pc=0x00000000034c583b sp=0x000000000329d528 mode 2
Event: 1.776 Thread 0x000000000337e800 Uncommon trap: trap_request=0xffffff65 fr.pc=0x0000000003ab957c
Event: 1.776 Thread 0x000000000337e800 DEOPT PACKING pc=0x0000000003ab957c sp=0x000000000329dc30
Event: 1.776 Thread 0x000000000337e800 DEOPT UNPACKING pc=0x00000000034c583b sp=0x000000000329dbc8 mode 2
Event: 1.777 Thread 0x000000000337e800 Uncommon trap: trap_request=0xffffff65 fr.pc=0x0000000003adbe60
Event: 1.777 Thread 0x000000000337e800 DEOPT PACKING pc=0x0000000003adbe60 sp=0x000000000329d950


Dynamic libraries:
0x00007ff7bebc0000 - 0x00007ff7bebf7000 	C:\Program Files\Java\jdk1.8.0_191\bin\java.exe
0x00007ffab1dc0000 - 0x00007ffab1fa1000 	C:\WINDOWS\SYSTEM32\ntdll.dll
0x00007ffaaf6b0000 - 0x00007ffaaf761000 	C:\WINDOWS\System32\KERNEL32.DLL
0x00007ffaaedd0000 - 0x00007ffaaf043000 	C:\WINDOWS\System32\KERNELBASE.dll
0x00007ffab0720000 - 0x00007ffab07c1000 	C:\WINDOWS\System32\ADVAPI32.dll
0x00007ffab1c70000 - 0x00007ffab1d0e000 	C:\WINDOWS\System32\msvcrt.dll
0x00007ffab06c0000 - 0x00007ffab071b000 	C:\WINDOWS\System32\sechost.dll
0x00007ffaafc90000 - 0x00007ffaafdb4000 	C:\WINDOWS\System32\RPCRT4.dll
0x00007ffaaf410000 - 0x00007ffaaf5a0000 	C:\WINDOWS\System32\USER32.dll
0x00007ffaaeb60000 - 0x00007ffaaeb80000 	C:\WINDOWS\System32\win32u.dll
0x00007ffaaf3e0000 - 0x00007ffaaf408000 	C:\WINDOWS\System32\GDI32.dll
0x00007ffaae940000 - 0x00007ffaaead1000 	C:\WINDOWS\System32\gdi32full.dll
0x00007ffaaeb80000 - 0x00007ffaaec1f000 	C:\WINDOWS\System32\msvcp_win.dll
0x00007ffaaec20000 - 0x00007ffaaed18000 	C:\WINDOWS\System32\ucrtbase.dll
0x00007ffa99130000 - 0x00007ffa99399000 	C:\WINDOWS\WinSxS\amd64_microsoft.windows.common-controls_6595b64144ccf1df_6.0.17134.1488_none_d4038d277c8d0b7d\COMCTL32.dll
0x00007ffab0380000 - 0x00007ffab06a1000 	C:\WINDOWS\System32\combase.dll
0x00007ffaaeae0000 - 0x00007ffaaeb59000 	C:\WINDOWS\System32\bcryptPrimitives.dll
0x00007ffab07d0000 - 0x00007ffab07fd000 	C:\WINDOWS\System32\IMM32.DLL
0x00000000667c0000 - 0x0000000066892000 	C:\Program Files\Java\jdk1.8.0_191\jre\bin\msvcr100.dll
0x0000000065240000 - 0x0000000065ae4000 	C:\Program Files\Java\jdk1.8.0_191\jre\bin\server\jvm.dll
0x00007ffab06b0000 - 0x00007ffab06b8000 	C:\WINDOWS\System32\PSAPI.DLL
0x00007ffaa9ca0000 - 0x00007ffaa9cc3000 	C:\WINDOWS\SYSTEM32\WINMM.dll
0x00007ffaa93d0000 - 0x00007ffaa93da000 	C:\WINDOWS\SYSTEM32\VERSION.dll
0x00007ffaa0390000 - 0x00007ffaa0399000 	C:\WINDOWS\SYSTEM32\WSOCK32.dll
0x00007ffaaffb0000 - 0x00007ffab001c000 	C:\WINDOWS\System32\WS2_32.dll
0x00007ffaa9c40000 - 0x00007ffaa9c6a000 	C:\WINDOWS\SYSTEM32\winmmbase.dll
0x00007ffaae8f0000 - 0x00007ffaae939000 	C:\WINDOWS\System32\cfgmgr32.dll
0x00000000667a0000 - 0x00000000667af000 	C:\Program Files\Java\jdk1.8.0_191\jre\bin\verify.dll
0x0000000066770000 - 0x0000000066799000 	C:\Program Files\Java\jdk1.8.0_191\jre\bin\java.dll
0x0000000066750000 - 0x0000000066766000 	C:\Program Files\Java\jdk1.8.0_191\jre\bin\zip.dll
0x00007ffab0820000 - 0x00007ffab1c65000 	C:\WINDOWS\System32\SHELL32.dll
0x00007ffaaf5a0000 - 0x00007ffaaf649000 	C:\WINDOWS\System32\shcore.dll
0x00007ffaae1d0000 - 0x00007ffaae8e1000 	C:\WINDOWS\System32\windows.storage.dll
0x00007ffaaff50000 - 0x00007ffaaffa1000 	C:\WINDOWS\System32\shlwapi.dll
0x00007ffaae130000 - 0x00007ffaae141000 	C:\WINDOWS\System32\kernel.appcore.dll
0x00007ffaae150000 - 0x00007ffaae16f000 	C:\WINDOWS\System32\profapi.dll
0x00007ffaae0c0000 - 0x00007ffaae10c000 	C:\WINDOWS\System32\powrprof.dll
0x00007ffaae0b0000 - 0x00007ffaae0ba000 	C:\WINDOWS\System32\FLTLIB.DLL
0x00007ffaaa650000 - 0x00007ffaaa65a000 	C:\Program Files\apache-maven-3.6.2\lib\jansi-native\windows64\jansi.dll
0x0000000066730000 - 0x000000006674a000 	C:\Program Files\Java\jdk1.8.0_191\jre\bin\net.dll
0x00007ffaad8e0000 - 0x00007ffaad946000 	C:\WINDOWS\system32\mswsock.dll
0x0000000066710000 - 0x0000000066721000 	C:\Program Files\Java\jdk1.8.0_191\jre\bin\nio.dll

VM Arguments:
jvm_args: -Dclassworlds.conf=C:\Program Files\apache-maven-3.6.2\bin\..\bin\m2.conf -Dmaven.home=C:\Program Files\apache-maven-3.6.2\bin\.. -Dlibrary.jansi.path=C:\Program Files\apache-maven-3.6.2\bin\..\lib\jansi-native -Dmaven.multiModuleProjectDirectory=C:\Users\Petar\Desktop\Faks_razno\4.god\8.Semestar\XMLiWebServisi\XML_WS\MainApp\Servers\vehicle 
java_command: org.codehaus.plexus.classworlds.launcher.Launcher install:install-file -DgroupId=org.sagaApi -DartifactId=SAGA-API -Dversion=1.0 -Dpackaging=jar -Dfile=C:\Users\Petar\Desktop\Faks_razno\4.god\8.Semestar\XMLiWebServisi\XML_WS\MainApp\Servers\SAGA-API\target\SAGA-API-1.0.jar
java_class_path (initial): C:\Program Files\apache-maven-3.6.2\bin\..\boot\plexus-classworlds-2.6.0.jar
Launcher Type: SUN_STANDARD

Environment Variables:
JAVA_HOME=C:\Program Files\Java\jdk1.8.0_191
PATH=C:\Program Files\NVIDIA GPU Computing Toolkit\CUDA\v10.1\bin;C:\Program Files\NVIDIA GPU Computing Toolkit\CUDA\v10.1\libnvvp;;C:\oraclexe\app\oracle\product\11.2.0\server\bin;C:\Program Files (x86)\Common Files\Oracle\Java\javapath;C:\ProgramData\Oracle\Java\javapath;C:\WINDOWS\system32;C:\WINDOWS;C:\WINDOWS\System32\Wbem;C:\WINDOWS\System32\WindowsPowerShell\v1.0\;C:\Users\Petar\.dnx\bin;C:\Program Files\Microsoft DNX\Dnvm\;C:\Program Files\Microsoft SQL Server\120\Tools\Binn\;C:\Program Files\Microsoft SQL Server\130\Tools\Binn\;C:\Program Files (x86)\Windows Kits\10\Windows Performance Toolkit\;C:\WINDOWS\System32\OpenSSH\;C:\Program Files (x86)\Intel\Intel(R) Management Engine Components\DAL;C:\Program Files\Intel\Intel(R) Management Engine Components\DAL;C:\Program Files (x86)\Intel\Intel(R) Management Engine Components\IPT;C:\Program Files\Intel\Intel(R) Management Engine Components\IPT;C:\Program Files\dotnet\;C:\Program Files\nodejs\;C:\Program Files (x86)\Yarn\bin\;C:\Program Files (x86)\NVIDIA Corporation\PhysX\Common;C:\Program Files\NVIDIA Corporation\NVIDIA NvDLISR;C:\Program Files\Intel\WiFi\bin\;C:\Program Files\Common Files\Intel\WirelessCommon\;C:\Program Files\Git\cmd;C:\Program Files\NVIDIA Corporation\Nsight Compute 2019.4.0\;C:\Program Files\Docker\Docker\resources\bin;C:\ProgramData\DockerDesktop\version-bin;C:\Program Files\apache-maven-3.6.2\bin;C:\Users\Petar\AppData\Local\Programs\Microsoft VS Code\bin;C:\Users\Petar\AppData\Roaming\npm;C:\Users\Petar\AppData\Roaming\npm\node_modules\@angular\cli\bin;C:\Aliases;
USERNAME=Petar
OS=Windows_NT
PROCESSOR_IDENTIFIER=Intel64 Family 6 Model 158 Stepping 9, GenuineIntel



---------------  S Y S T E M  ---------------

OS: Windows 10.0 , 64 bit Build 17134 (10.0.17134.1425)

CPU:total 8 (initial active 8) (4 cores per cpu, 2 threads per core) family 6 model 158 stepping 9, cmov, cx8, fxsr, mmx, sse, sse2, sse3, ssse3, sse4.1, sse4.2, popcnt, avx, avx2, aes, clmul, erms, 3dnowpref, lzcnt, ht, tsc, tscinvbit, bmi1, bmi2, adx

Memory: 4k page, physical 16659688k(4210448k free), swap 16659688k(6604k free)

vm_info: Java HotSpot(TM) 64-Bit Server VM (25.191-b12) for windows-amd64 JRE (1.8.0_191-b12), built on Oct  6 2018 09:29:03 by "java_re" with MS VC++ 10.0 (VS2010)

time: Sun May 31 20:33:44 2020
elapsed time: 1 seconds (0d 0h 0m 1s)

